INFO | 2025-06-16 01:18:18 | Успешное соединение с БД
INFO | 2025-06-16 01:18:19 | Успешное соединение с БД
INFO | 2025-06-16 01:18:19 | В daysstatistics загружена информация: 2025-06-15 подъем был 2025-06-15T07:00:00, сон 2025-06-16T01:00:00
INFO | 2025-06-16 01:18:19 | Загружена привычка Спорт, результат - 120
INFO | 2025-06-16 01:18:19 | Загружена привычка Самообразование, результат - 60
INFO | 2025-06-16 01:18:19 | Загружена привычка Подходы, результат - 0
INFO | 2025-06-16 01:18:19 | Загружена привычка Общение, результат - 1
INFO | 2025-06-16 01:18:19 | Загружена привычка Утренняя зарядка, результат - 1
INFO | 2025-06-16 01:18:19 | Загружена привычка Время в телефоне, результат - 161
INFO | 2025-06-16 01:18:19 | Загружена привычка Чтение, результат - 0
INFO | 2025-06-16 01:18:19 | Загружена привычка Хобби, результат - 1
INFO | 2025-06-16 01:18:19 | Загружена привычка Вредная пища, результат - 1
INFO | 2025-06-16 01:18:19 | Загружена привычка Мастурбация, результат - 0
INFO | 2025-06-16 01:18:19 | Загружена привычка Медитация, результат - 1
INFO | 2025-06-16 01:18:19 | Загружена задача Сходить поиграть в плойку. Задача выполнена. Награда - 1
INFO | 2025-06-16 01:18:19 | Загружена задача Убраться на кухне. Задача выполнена. Награда - 1
INFO | 2025-06-16 01:18:19 | Загружена задача Приготовить поесть. Задача выполнена. Награда - 1
INFO | 2025-06-16 01:18:19 | Загружена задача Стирка. Задача выполнена. Награда - 1
INFO | 2025-06-16 01:18:19 | Транзакция завершена, все данные загружены
INFO | 2025-06-16 01:18:19 | Заметки за 2025-06-15 сохранены
INFO | 2025-06-16 01:20:04 | Успешное соединение с БД
INFO | 2025-06-16 01:20:04 | Успешное соединение с БД
INFO | 2025-06-16 01:20:04 | В базу данных не удалось загрузить информацию по началу и концу дня за 2025-06-15
ERROR | 2025-06-16 01:20:04 | Заметки за 2025-06-15 не были сохранены: ОШИБКА:  повторяющееся значение ключа нарушает ограничение уникальности "daysstatistics_pkey"
DETAIL:  Ключ "(date)=(2025-06-15)" уже существует.

INFO | 2025-06-18 01:49:56 | Успешное соединение с БД
INFO | 2025-06-18 01:49:56 | Успешное соединение с БД
INFO | 2025-06-18 01:49:56 | В daysstatistics загружена информация: 2025-06-16 подъем был 2025-06-16T08:00:00, сон 2025-06-16T23:30:00
INFO | 2025-06-18 01:49:56 | Загружена привычка Спорт, результат - 0
INFO | 2025-06-18 01:49:56 | Загружена привычка Самообразование, результат - 120
INFO | 2025-06-18 01:49:56 | Загружена привычка Подходы, результат - 0
INFO | 2025-06-18 01:49:56 | Загружена привычка Общение, результат - 0
INFO | 2025-06-18 01:49:56 | Загружена привычка Утренняя зарядка, результат - 0
INFO | 2025-06-18 01:49:56 | Загружена привычка Время в телефоне, результат - 230
INFO | 2025-06-18 01:49:56 | Загружена привычка Чтение, результат - 30
INFO | 2025-06-18 01:49:56 | Загружена привычка Хобби, результат - 0
INFO | 2025-06-18 01:49:56 | Загружена привычка Вредная пища, результат - 1
INFO | 2025-06-18 01:49:56 | Загружена привычка Мастурбация, результат - 0
INFO | 2025-06-18 01:49:56 | Загружена привычка Медитация, результат - 0
INFO | 2025-06-18 01:49:56 | Загружена задача Стирка. Задача не выполнена. Награда - 0
INFO | 2025-06-18 01:49:56 | Загружена задача Занести информацию в KMyMoney. Задача не выполнена. Награда - 0
INFO | 2025-06-18 01:49:56 | Загружена задача Рассчитаться с Амиром. Задача выполнена. Награда - 1
INFO | 2025-06-18 01:49:56 | Транзакция завершена, все данные загружены
INFO | 2025-06-18 01:49:56 | Заметки за 2025-06-16 сохранены
INFO | 2025-06-18 23:13:38 | Успешное соединение с БД
INFO | 2025-06-18 23:13:38 | Успешное соединение с БД
INFO | 2025-06-18 23:13:38 | В daysstatistics загружена информация: 2025-06-17 подъем был 2025-06-17T07:15:00, сон 2025-06-18T02:10:00
INFO | 2025-06-18 23:13:38 | Загружена привычка Спорт, результат - 0
INFO | 2025-06-18 23:13:38 | Загружена привычка Самообразование, результат - 120
INFO | 2025-06-18 23:13:38 | Загружена привычка Подходы, результат - 0
INFO | 2025-06-18 23:13:38 | Загружена привычка Общение, результат - 0
INFO | 2025-06-18 23:13:38 | Загружена привычка Утренняя зарядка, результат - 0
INFO | 2025-06-18 23:13:38 | Загружена привычка Время в телефоне, результат - 189
INFO | 2025-06-18 23:13:38 | Загружена привычка Чтение, результат - 0
INFO | 2025-06-18 23:13:38 | Загружена привычка Хобби, результат - 1
INFO | 2025-06-18 23:13:38 | Загружена привычка Вредная пища, результат - 1
INFO | 2025-06-18 23:13:38 | Загружена привычка Мастурбация, результат - 0
INFO | 2025-06-18 23:13:38 | Загружена привычка Медитация, результат - 0
INFO | 2025-06-18 23:13:38 | Загружена задача Пройти собес в 13:00. Задача выполнена. Награда - 1
INFO | 2025-06-18 23:13:38 | Загружена задача Барабаны. Задача выполнена. Награда - 1
INFO | 2025-06-18 23:13:38 | Загружена задача Занести финансы в KMyMoney. Задача не выполнена. Награда - 0
INFO | 2025-06-18 23:13:38 | Загружена задача Затеять стирку. Задача не выполнена. Награда - 0
INFO | 2025-06-18 23:13:38 | Транзакция завершена, все данные загружены
INFO | 2025-06-18 23:13:38 | Заметки за 2025-06-17 сохранены
INFO | 2025-06-19 23:27:42 | Успешное соединение с БД
INFO | 2025-06-19 23:27:42 | Успешное соединение с БД
ERROR | 2025-06-19 23:27:42 | Неправильный формат даты в файле obsidian
ERROR | 2025-06-19 23:27:42 | Заметки за 2025-06-18 не были сохранены: Не введена дата начала дня или дата конца дня, или неправильный формат даты
INFO | 2025-06-19 23:31:50 | Успешное соединение с БД
INFO | 2025-06-19 23:31:50 | Успешное соединение с БД
INFO | 2025-06-19 23:31:50 | В daysstatistics загружена информация: 2025-06-18 подъем был 2025-06-18T08:15:00, сон 2025-06-18T23:30:00
INFO | 2025-06-19 23:31:50 | Загружена привычка Спорт, результат - 60
INFO | 2025-06-19 23:31:50 | Загружена привычка Самообразование, результат - 120
INFO | 2025-06-19 23:31:50 | Загружена привычка Подходы, результат - 0
INFO | 2025-06-19 23:31:50 | Загружена привычка Общение, результат - 1
INFO | 2025-06-19 23:31:50 | Загружена привычка Утренняя зарядка, результат - 0
INFO | 2025-06-19 23:31:50 | Загружена привычка Время в телефоне, результат - 168
INFO | 2025-06-19 23:31:50 | Загружена привычка Чтение, результат - 20
INFO | 2025-06-19 23:31:50 | Загружена привычка Хобби, результат - 0
INFO | 2025-06-19 23:31:50 | Загружена привычка Вредная пища, результат - 0
INFO | 2025-06-19 23:31:50 | Загружена привычка Мастурбация, результат - 0
INFO | 2025-06-19 23:31:50 | Загружена привычка Медитация, результат - 0
INFO | 2025-06-19 23:31:50 | Загружена задача Сходить к барберу. Задача выполнена. Награда - 1
INFO | 2025-06-19 23:31:50 | Загружена задача Занести финансы в KMyMoney. Задача не выполнена. Награда - 0
INFO | 2025-06-19 23:31:50 | Загружена задача Почистить белые кеды. Задача не выполнена. Награда - 0
INFO | 2025-06-19 23:31:50 | Загружена задача Сделать тестовое в совкомбанк. Задача не выполнена. Награда - 0
INFO | 2025-06-19 23:31:50 | Транзакция завершена, все данные загружены
INFO | 2025-06-19 23:31:50 | Заметки за 2025-06-18 сохранены
INFO | 2025-06-21 01:20:03 | Успешное соединение с БД
INFO | 2025-06-21 01:20:03 | Успешное соединение с БД
INFO | 2025-06-21 01:20:03 | В daysstatistics загружена информация: 2025-06-20 подъем был 2025-06-20T07:17:00, сон 2025-06-21T01:30:00
INFO | 2025-06-21 01:20:03 | Загружена привычка Спорт, результат - 0
INFO | 2025-06-21 01:20:03 | Загружена привычка Самообразование, результат - 0
INFO | 2025-06-21 01:20:03 | Загружена привычка Подходы, результат - 0
INFO | 2025-06-21 01:20:03 | Загружена привычка Общение, результат - 0
INFO | 2025-06-21 01:20:03 | Загружена привычка Утренняя зарядка, результат - 0
INFO | 2025-06-21 01:20:03 | Загружена привычка Время в телефоне, результат - 282
INFO | 2025-06-21 01:20:03 | Загружена привычка Чтение, результат - 0
INFO | 2025-06-21 01:20:03 | Загружена привычка Хобби, результат - 0
INFO | 2025-06-21 01:20:03 | Загружена привычка Вредная пища, результат - 1
INFO | 2025-06-21 01:20:03 | Загружена привычка Мастурбация, результат - 1
INFO | 2025-06-21 01:20:03 | Загружена привычка Медитация, результат - 0
INFO | 2025-06-21 01:20:03 | Загружена задача Приготовить поесть. Задача не выполнена. Награда - 0
INFO | 2025-06-21 01:20:03 | Загружена задача Почистить белые кеды. Задача не выполнена. Награда - 0
INFO | 2025-06-21 01:20:03 | Загружена задача Занести траты в KMyMoney. Задача не выполнена. Награда - 0
INFO | 2025-06-21 01:20:03 | Транзакция завершена, все данные загружены
INFO | 2025-06-21 01:20:03 | Заметки за 2025-06-20 сохранены
INFO | 2025-06-21 01:20:40 | Успешное соединение с БД
INFO | 2025-06-21 01:20:40 | Успешное соединение с БД
INFO | 2025-06-21 01:20:40 | В daysstatistics загружена информация: 2025-06-19 подъем был 2025-06-19T07:00:00, сон 2025-06-19T23:45:00
INFO | 2025-06-21 01:20:40 | Загружена привычка Спорт, результат - 0
INFO | 2025-06-21 01:20:40 | Загружена привычка Самообразование, результат - 0
INFO | 2025-06-21 01:20:40 | Загружена привычка Подходы, результат - 0
INFO | 2025-06-21 01:20:40 | Загружена привычка Общение, результат - 0
INFO | 2025-06-21 01:20:40 | Загружена привычка Утренняя зарядка, результат - 0
INFO | 2025-06-21 01:20:40 | Загружена привычка Время в телефоне, результат - 136
INFO | 2025-06-21 01:20:40 | Загружена привычка Чтение, результат - 0
INFO | 2025-06-21 01:20:40 | Загружена привычка Хобби, результат - 1
INFO | 2025-06-21 01:20:40 | Загружена привычка Вредная пища, результат - 0
INFO | 2025-06-21 01:20:40 | Загружена привычка Мастурбация, результат - 0
INFO | 2025-06-21 01:20:40 | Загружена привычка Медитация, результат - 0
INFO | 2025-06-21 01:20:40 | Загружена задача Барабаны. Задача выполнена. Награда - 1
INFO | 2025-06-21 01:20:40 | Загружена задача Закинуть футболку на дошивание. Задача выполнена. Награда - 1
INFO | 2025-06-21 01:20:40 | Загружена задача Доделать тестовое в совкомбанк. Задача выполнена. Награда - 1
INFO | 2025-06-21 01:20:40 | Загружена задача Почистить белые кеды. Задача не выполнена. Награда - 0
INFO | 2025-06-21 01:20:40 | Транзакция завершена, все данные загружены
INFO | 2025-06-21 01:20:40 | Заметки за 2025-06-19 сохранены
INFO | 2025-06-22 23:58:53 | Успешное соединение с БД
INFO | 2025-06-22 23:58:53 | Успешное соединение с БД
INFO | 2025-06-22 23:58:53 | В базу данных не удалось загрузить информацию по началу и концу дня за 2025-06-20
ERROR | 2025-06-22 23:58:53 | Заметки за 2025-06-20 не были сохранены: ОШИБКА:  повторяющееся значение ключа нарушает ограничение уникальности "daysstatistics_pkey"
DETAIL:  Ключ "(date)=(2025-06-20)" уже существует.

INFO | 2025-06-23 00:00:17 | Успешное соединение с БД
INFO | 2025-06-23 00:00:17 | Успешное соединение с БД
ERROR | 2025-06-23 00:00:17 | Неправильный формат даты в файле obsidian
ERROR | 2025-06-23 00:00:17 | Заметки за 2025-06-21 не были сохранены: Не введена дата начала дня или дата конца дня, или неправильный формат даты
INFO | 2025-06-23 00:01:04 | Успешное соединение с БД
INFO | 2025-06-23 00:01:05 | Успешное соединение с БД
INFO | 2025-06-23 00:01:05 | В daysstatistics загружена информация: 2025-06-21 подъем был 2025-06-21T11:00:00, сон 2025-06-22T04:00:00
INFO | 2025-06-23 00:01:05 | Загружена привычка Спорт, результат - 60
INFO | 2025-06-23 00:01:05 | Загружена привычка Самообразование, результат - 0
INFO | 2025-06-23 00:01:05 | Загружена привычка Подходы, результат - 0
INFO | 2025-06-23 00:01:05 | Загружена привычка Общение, результат - 0
INFO | 2025-06-23 00:01:05 | Загружена привычка Утренняя зарядка, результат - 0
INFO | 2025-06-23 00:01:05 | Загружена привычка Время в телефоне, результат - 258
INFO | 2025-06-23 00:01:05 | Загружена привычка Чтение, результат - 0
INFO | 2025-06-23 00:01:05 | Загружена привычка Хобби, результат - 1
INFO | 2025-06-23 00:01:05 | Загружена привычка Вредная пища, результат - 0
INFO | 2025-06-23 00:01:05 | Загружена привычка Мастурбация, результат - 1
INFO | 2025-06-23 00:01:05 | Загружена привычка Медитация, результат - 0
INFO | 2025-06-23 00:01:05 | Загружена задача Убраться в туалете. Задача выполнена. Награда - 1
INFO | 2025-06-23 00:01:05 | Загружена задача Почистить найки. Задача выполнена. Награда - 1
INFO | 2025-06-23 00:01:05 | Загружена задача Приготовить поесть. Задача выполнена. Награда - 1
INFO | 2025-06-23 00:01:05 | Загружена задача Занести финансы. Задача выполнена. Награда - 1
INFO | 2025-06-23 00:01:05 | Транзакция завершена, все данные загружены
INFO | 2025-06-23 00:01:05 | Заметки за 2025-06-21 сохранены
INFO | 2025-06-23 23:12:49 | Успешное соединение с БД
INFO | 2025-06-23 23:12:49 | Успешное соединение с БД
ERROR | 2025-06-23 23:12:49 | Неправильный формат даты в файле obsidian
ERROR | 2025-06-23 23:12:49 | Заметки за 2025-06-22 не были сохранены: Не введена дата начала дня или дата конца дня, или неправильный формат даты
INFO | 2025-06-23 23:13:21 | Успешное соединение с БД
INFO | 2025-06-23 23:13:21 | Успешное соединение с БД
INFO | 2025-06-23 23:13:21 | В daysstatistics загружена информация: 2025-06-22 подъем был 2025-06-22T12:00:00, сон 2026-06-23T00:30:00
INFO | 2025-06-23 23:13:21 | Загружена привычка Спорт, результат - 0
INFO | 2025-06-23 23:13:21 | Загружена привычка Самообразование, результат - 60
INFO | 2025-06-23 23:13:21 | Загружена привычка Подходы, результат - 0
INFO | 2025-06-23 23:13:21 | Загружена привычка Общение, результат - 0
INFO | 2025-06-23 23:13:21 | Загружена привычка Утренняя зарядка, результат - 0
INFO | 2025-06-23 23:13:21 | Загружена привычка Время в телефоне, результат - 505
INFO | 2025-06-23 23:13:21 | Загружена привычка Чтение, результат - 0
INFO | 2025-06-23 23:13:21 | Загружена привычка Хобби, результат - 0
INFO | 2025-06-23 23:13:21 | Загружена привычка Вредная пища, результат - 0
INFO | 2025-06-23 23:13:21 | Загружена привычка Мастурбация, результат - 1
INFO | 2025-06-23 23:13:21 | Загружена привычка Медитация, результат - 0
INFO | 2025-06-23 23:13:21 | Загружена задача Помыть белые кеды. Задача не выполнена. Награда - 0
INFO | 2025-06-23 23:13:21 | Загружена задача Прогулка 1 час. Задача не выполнена. Награда - 0
INFO | 2025-06-23 23:13:21 | Загружена задача Приготовить шарлотку. Задача не выполнена. Награда - 0
INFO | 2025-06-23 23:13:21 | Загружена задача Уборка в комнате. Задача не выполнена. Награда - 0
INFO | 2025-06-23 23:13:21 | Транзакция завершена, все данные загружены
INFO | 2025-06-23 23:13:21 | Заметки за 2025-06-22 сохранены
INFO | 2025-06-24 22:57:14 | Успешное соединение с БД
INFO | 2025-06-24 22:57:14 | Успешное соединение с БД
INFO | 2025-06-24 22:57:14 | В daysstatistics загружена информация: 2025-06-23 подъем был 2025-06-23T07:10:00, сон 2025-06-23T23:30:00
INFO | 2025-06-24 22:57:14 | Загружена привычка Спорт, результат - 0
INFO | 2025-06-24 22:57:14 | Загружена привычка Самообразование, результат - 60
INFO | 2025-06-24 22:57:14 | Загружена привычка Подходы, результат - 0
INFO | 2025-06-24 22:57:14 | Загружена привычка Общение, результат - 0
INFO | 2025-06-24 22:57:14 | Загружена привычка Утренняя зарядка, результат - 1
INFO | 2025-06-24 22:57:14 | Загружена привычка Время в телефоне, результат - 276
INFO | 2025-06-24 22:57:14 | Загружена привычка Чтение, результат - 0
INFO | 2025-06-24 22:57:14 | Загружена привычка Хобби, результат - 0
INFO | 2025-06-24 22:57:14 | Загружена привычка Вредная пища, результат - 0
INFO | 2025-06-24 22:57:14 | Загружена привычка Мастурбация, результат - 0
INFO | 2025-06-24 22:57:14 | Загружена привычка Медитация, результат - 1
INFO | 2025-06-24 22:57:14 | Загружена задача Приготовить картошку с мячом. Задача выполнена. Награда - 2
INFO | 2025-06-24 22:57:14 | Загружена задача Помыть кеды. Задача не выполнена. Награда - 0
INFO | 2025-06-24 22:57:14 | Транзакция завершена, все данные загружены
INFO | 2025-06-24 22:57:14 | Заметки за 2025-06-23 сохранены
INFO | 2025-06-29 17:42:35 | Успешное соединение с БД
INFO | 2025-06-29 17:42:35 | Успешное соединение с БД
INFO | 2025-06-29 17:42:35 | В daysstatistics загружена информация: 2025-06-24 подъем был 2025-06-24T07:00:00, сон 2025-06-24T23:15:00
INFO | 2025-06-29 17:42:35 | Загружена привычка Спорт, результат - 0
INFO | 2025-06-29 17:42:35 | Загружена привычка Самообразование, результат - 0
INFO | 2025-06-29 17:42:35 | Загружена привычка Подходы, результат - 0
INFO | 2025-06-29 17:42:35 | Загружена привычка Общение, результат - 1
INFO | 2025-06-29 17:42:35 | Загружена привычка Утренняя зарядка, результат - 1
INFO | 2025-06-29 17:42:35 | Загружена привычка Время в телефоне, результат - 104
INFO | 2025-06-29 17:42:35 | Загружена привычка Чтение, результат - 0
INFO | 2025-06-29 17:42:35 | Загружена привычка Хобби, результат - 1
INFO | 2025-06-29 17:42:35 | Загружена привычка Вредная пища, результат - 1
INFO | 2025-06-29 17:42:35 | Загружена привычка Мастурбация, результат - 0
INFO | 2025-06-29 17:42:35 | Загружена привычка Медитация, результат - 1
INFO | 2025-06-29 17:42:35 | Загружена привычка Выпито воды, результат - 2300
INFO | 2025-06-29 17:42:35 | Загружена задача Помыть белые кеды. Задача не выполнена. Награда - 0
INFO | 2025-06-29 17:42:35 | Загружена задача Сгонять на барабаны. Задача выполнена. Награда - 1
INFO | 2025-06-29 17:42:35 | Загружена задача Получить три отказа в просьбе. Задача не выполнена. Награда - 0
INFO | 2025-06-29 17:42:35 | Транзакция завершена, все данные загружены
INFO | 2025-06-29 17:42:35 | Заметки за 2025-06-24 сохранены
INFO | 2025-06-29 17:42:43 | Успешное соединение с БД
INFO | 2025-06-29 17:42:43 | Успешное соединение с БД
INFO | 2025-06-29 17:42:43 | В daysstatistics загружена информация: 2025-06-25 подъем был 2025-06-25T07:10:00, сон 2025-06-25T23:10:00
INFO | 2025-06-29 17:42:43 | Загружена привычка Спорт, результат - 60
INFO | 2025-06-29 17:42:43 | Загружена привычка Самообразование, результат - 60
INFO | 2025-06-29 17:42:43 | Загружена привычка Подходы, результат - 0
INFO | 2025-06-29 17:42:43 | Загружена привычка Общение, результат - 0
INFO | 2025-06-29 17:42:43 | Загружена привычка Утренняя зарядка, результат - 0
INFO | 2025-06-29 17:42:43 | Загружена привычка Время в телефоне, результат - 179
INFO | 2025-06-29 17:42:43 | Загружена привычка Чтение, результат - 0
INFO | 2025-06-29 17:42:43 | Загружена привычка Хобби, результат - 0
INFO | 2025-06-29 17:42:43 | Загружена привычка Вредная пища, результат - 1
INFO | 2025-06-29 17:42:43 | Загружена привычка Мастурбация, результат - 1
INFO | 2025-06-29 17:42:43 | Загружена привычка Медитация, результат - 0
INFO | 2025-06-29 17:42:43 | Загружена привычка Выпито воды, результат - 1500
INFO | 2025-06-29 17:42:43 | Загружена задача Постирать белые кеды. Задача не выполнена. Награда - 0
INFO | 2025-06-29 17:42:43 | Загружена задача Поменять постельное белье. Задача не выполнена. Награда - 0
INFO | 2025-06-29 17:42:43 | Загружена задача День бритвы. Задача не выполнена. Награда - 0
INFO | 2025-06-29 17:42:43 | Загружена задача Тренажерка. Задача выполнена. Награда - 1
INFO | 2025-06-29 17:42:43 | Транзакция завершена, все данные загружены
INFO | 2025-06-29 17:42:43 | Заметки за 2025-06-25 сохранены
INFO | 2025-06-29 17:42:51 | Успешное соединение с БД
INFO | 2025-06-29 17:42:51 | Успешное соединение с БД
INFO | 2025-06-29 17:42:51 | В daysstatistics загружена информация: 2025-06-26 подъем был 2025-06-26T07:10:00, сон 2025-06-27T01:00:00
INFO | 2025-06-29 17:42:51 | Загружена привычка Спорт, результат - 0
INFO | 2025-06-29 17:42:51 | Загружена привычка Самообразование, результат - 0
INFO | 2025-06-29 17:42:51 | Загружена привычка Подходы, результат - 0
INFO | 2025-06-29 17:42:51 | Загружена привычка Общение, результат - 0
INFO | 2025-06-29 17:42:51 | Загружена привычка Утренняя зарядка, результат - 1
INFO | 2025-06-29 17:42:51 | Загружена привычка Время в телефоне, результат - 138
INFO | 2025-06-29 17:42:51 | Загружена привычка Чтение, результат - 0
INFO | 2025-06-29 17:42:51 | Загружена привычка Хобби, результат - 1
INFO | 2025-06-29 17:42:51 | Загружена привычка Вредная пища, результат - 1
INFO | 2025-06-29 17:42:51 | Загружена привычка Мастурбация, результат - 0
INFO | 2025-06-29 17:42:51 | Загружена привычка Медитация, результат - 0
INFO | 2025-06-29 17:42:51 | Загружена привычка Выпито воды, результат - 1500
INFO | 2025-06-29 17:42:51 | Загружена задача Барабаны. Задача выполнена. Награда - 1
INFO | 2025-06-29 17:42:51 | Загружена задача День бритвы. Задача выполнена. Награда - 1
INFO | 2025-06-29 17:42:51 | Загружена задача Постирать кеды. Задача не выполнена. Награда - 0
INFO | 2025-06-29 17:42:51 | Транзакция завершена, все данные загружены
INFO | 2025-06-29 17:42:51 | Заметки за 2025-06-26 сохранены
INFO | 2025-06-29 17:42:58 | Успешное соединение с БД
INFO | 2025-06-29 17:42:58 | Успешное соединение с БД
INFO | 2025-06-29 17:42:59 | В daysstatistics загружена информация: 2025-06-27 подъем был 2025-06-27T07:41:00, сон 2025-06-28T04:00:00
INFO | 2025-06-29 17:42:59 | Загружена привычка Спорт, результат - 0
INFO | 2025-06-29 17:42:59 | Загружена привычка Самообразование, результат - 0
INFO | 2025-06-29 17:42:59 | Загружена привычка Подходы, результат - 0
INFO | 2025-06-29 17:42:59 | Загружена привычка Общение, результат - 0
INFO | 2025-06-29 17:42:59 | Загружена привычка Утренняя зарядка, результат - 0
INFO | 2025-06-29 17:42:59 | Загружена привычка Время в телефоне, результат - 135
INFO | 2025-06-29 17:42:59 | Загружена привычка Чтение, результат - 0
INFO | 2025-06-29 17:42:59 | Загружена привычка Хобби, результат - 0
INFO | 2025-06-29 17:42:59 | Загружена привычка Вредная пища, результат - 1
INFO | 2025-06-29 17:42:59 | Загружена привычка Мастурбация, результат - 0
INFO | 2025-06-29 17:42:59 | Загружена привычка Медитация, результат - 0
INFO | 2025-06-29 17:42:59 | Загружена привычка Выпито воды, результат - 1000
ERROR | 2025-06-29 17:42:59 | В файле не найдены задачи
ERROR | 2025-06-29 17:42:59 | Заметки за 2025-06-27 не были сохранены: В файле не найдены задачи
INFO | 2025-06-29 17:44:24 | Успешное соединение с БД
INFO | 2025-06-29 17:44:24 | Успешное соединение с БД
INFO | 2025-06-29 17:44:24 | В daysstatistics загружена информация: 2025-06-27 подъем был 2025-06-27T07:41:00, сон 2025-06-28T04:00:00
INFO | 2025-06-29 17:44:24 | Загружена привычка Спорт, результат - 0
INFO | 2025-06-29 17:44:24 | Загружена привычка Самообразование, результат - 0
INFO | 2025-06-29 17:44:24 | Загружена привычка Подходы, результат - 0
INFO | 2025-06-29 17:44:24 | Загружена привычка Общение, результат - 0
INFO | 2025-06-29 17:44:24 | Загружена привычка Утренняя зарядка, результат - 0
INFO | 2025-06-29 17:44:24 | Загружена привычка Время в телефоне, результат - 135
INFO | 2025-06-29 17:44:24 | Загружена привычка Чтение, результат - 0
INFO | 2025-06-29 17:44:24 | Загружена привычка Хобби, результат - 0
INFO | 2025-06-29 17:44:24 | Загружена привычка Вредная пища, результат - 1
INFO | 2025-06-29 17:44:24 | Загружена привычка Мастурбация, результат - 0
INFO | 2025-06-29 17:44:24 | Загружена привычка Медитация, результат - 0
INFO | 2025-06-29 17:44:24 | Загружена привычка Выпито воды, результат - 1000
WARNING | 2025-06-29 17:44:24 | В файле не найдены задачи
INFO | 2025-06-29 17:44:24 | Транзакция завершена, все данные загружены
INFO | 2025-06-29 17:44:24 | Заметки за 2025-06-27 сохранены
INFO | 2025-06-29 17:44:31 | Успешное соединение с БД
INFO | 2025-06-29 17:44:31 | Успешное соединение с БД
INFO | 2025-06-29 17:44:31 | В daysstatistics загружена информация: 2025-06-28 подъем был 2025-06-28T21:30:00, сон 2025-06-28T23:44:00
INFO | 2025-06-29 17:44:31 | Загружена привычка Спорт, результат - 0
INFO | 2025-06-29 17:44:31 | Загружена привычка Самообразование, результат - 120
INFO | 2025-06-29 17:44:31 | Загружена привычка Подходы, результат - 0
INFO | 2025-06-29 17:44:31 | Загружена привычка Общение, результат - 1
INFO | 2025-06-29 17:44:31 | Загружена привычка Утренняя зарядка, результат - 1
INFO | 2025-06-29 17:44:31 | Загружена привычка Время в телефоне, результат - 447
INFO | 2025-06-29 17:44:31 | Загружена привычка Чтение, результат - 0
INFO | 2025-06-29 17:44:31 | Загружена привычка Хобби, результат - 1
INFO | 2025-06-29 17:44:31 | Загружена привычка Вредная пища, результат - 0
INFO | 2025-06-29 17:44:31 | Загружена привычка Мастурбация, результат - 0
INFO | 2025-06-29 17:44:31 | Загружена привычка Медитация, результат - 0
INFO | 2025-06-29 17:44:31 | Загружена привычка Выпито воды, результат - 1050
INFO | 2025-06-29 17:44:31 | Загружена задача Сгонять на барабаны поиграть самостоятельно. Задача выполнена. Награда - 1
INFO | 2025-06-29 17:44:31 | Загружена задача Сгонять на вокал. Задача выполнена. Награда - 1
INFO | 2025-06-29 17:44:31 | Загружена задача Уборка в комнате. Задача не выполнена. Награда - 0
INFO | 2025-06-29 17:44:31 | Загружена задача Прогулка 1 час. Задача выполнена. Награда - 1
INFO | 2025-06-29 17:44:31 | Транзакция завершена, все данные загружены
INFO | 2025-06-29 17:44:31 | Заметки за 2025-06-28 сохранены
INFO | 2025-06-29 18:19:35 | Успешное соединение с БД
INFO | 2025-06-29 18:19:35 | Успешное соединение с БД
INFO | 2025-06-29 18:19:35 | В базу данных не удалось загрузить информацию по началу и концу дня за 2025-06-14
ERROR | 2025-06-29 18:19:35 | Заметки за 2025-06-14 не были сохранены: ОШИБКА:  повторяющееся значение ключа нарушает ограничение уникальности "daysstatistics_pkey"
DETAIL:  Ключ "(date)=(2025-06-14)" уже существует.

